13 [140384019510464] INFO perfrun.launcher <> - Launcher main begin
15 [140384019510464] INFO perfrun.launcher <> - MessageCatalogInit finished
15 [140384019510464] INFO perfrun.launcher <> - Launcher instance created
16 [140384019510464] INFO perfrun.launcher <> - argc = 7; cmdline = /home/anthony/intel/vtune_amplifier_2019.8.0.604197/bin64/amplxe-runss --ui-output-format xml --ui-output-fd 5 --option-file /mnt/hgfs/Thesis/RRT/analysis/results/A08/config/runss.options 
26 [140384019510464] INFO perfrun.launcher <> - plugin remoteplug has been added successfully
27 [140384019510464] INFO perfrun.launcher <> - plugin system has been added successfully
27 [140384019510464] INFO perfrun.launcher <> - plugin itt has been added successfully
27 [140384019510464] INFO perfrun.launcher <> - plugin ptracecollector has been added successfully
27 [140384019510464] INFO perfrun.launcher <> - plugin gpu has been added successfully
28 [140384019510464] INFO perfrun.launcher <> - plugin  has been added successfully
28 [140384019510464] INFO perfrun.launcher <> - plugin  has been added successfully
28 [140384019510464] INFO perfrun.launcher <> - plugin  has been added successfully
28 [140384019510464] INFO perfrun.launcher <> - plugin mrte has been added successfully
28 [140384019510464] INFO perfrun.launcher <> - plugin emon has been added successfully
28 [140384019510464] INFO perfrun.launcher <> - plugin cuscol has been added successfully
29 [140384019510464] INFO perfrun.launcher <> - plugin stdsrc has been added successfully
29 [140384019510464] INFO perfrun.launcher <> - plugin sep has been added successfully
29 [140384019510464] INFO perfrun.launcher <> - plugin vtsspp has been added successfully
29 [140384019510464] INFO perfrun.sdk <> - Reading value (3) from file: /proc/sys/kernel/perf_event_paranoid
30 [140384019510464] INFO perfrun.perfcollector <> - checking access to: /home/anthony/intel/vtune_amplifier_2019.8.0.604197/bin64/amplxe-perf-priv
30 [140384019510464] INFO perfrun.launcher <> - plugin perf has been added successfully
30 [140384019510464] INFO perfrun.launcher <> - plugin tpss has been added successfully
30 [140384019510464] INFO perfrun.launcher <> - plugin exprof has been added successfully
31 [140384019510464] INFO perfrun.launcher <> - plugin media has been added successfully
31 [140384019510464] INFO perfrun.launcher <> - plugin ice has been added successfully
31 [140384019510464] INFO perfrun.launcher <> - plugin  has been added successfully
31 [140384019510464] INFO perfrun.launcher <> - plugin  has been added successfully
31 [140384019510464] INFO perfrun.launcher <> - plugin parallelfs has been added successfully
31 [140384019510464] INFO perfrun.launcher <> - plugin power has been added successfully
32 [140384019510464] INFO perfrun.launcher <> - the option was added --interval: Specify an interval of data collection (for example, sampling) in milliseconds.
32 [140384019510464] INFO perfrun.launcher <> - the option was added --follow-child: Profile process with or without children.
32 [140384019510464] INFO perfrun.launcher <> - the option was added --gelding: BADMSG: perfrun1.launcher.plugin_manager::gelding
33 [140384019510464] INFO perfrun.launcher <> - the option was added --time-source: Specify time source for measurement. Possible values: sys - wall clock time; tsc - time stamp counter; ext - time from an external source; auto - auto select accurate time source.
33 [140384019510464] INFO perfrun.launcher <> - the option was added --stack: Enable or disable collection of stacks.
33 [140384019510464] INFO perfrun.launcher <> - the option was added --stack-stitching: Enable or disable the stack stitching algorithm for Intel TBB-based applications.
33 [140384019510464] INFO perfrun.launcher <> - the option was added --type: Specify type of data to be collected. For example, --type cpu:counters,waiting:nostack,io.
33 [140384019510464] INFO perfrun.launcher <> - the option was added --mrte-mode: Specify Java/.NET/other managed runtime collection mode. Possible values: native - collect information only for native code; managed - collect information only for managed code; mixed - collect information for both managed and native code; auto - choose the mode based on binary type.
34 [140384019510464] INFO perfrun.launcher <> - the option was added --mrte-mode-list: List supported Java/.NET/other managed runtime collection modes.
34 [140384019510464] INFO perfrun.launcher <> - the option was added --mrte-type: Specify which managed runtimes to collect. Possible values: java - collect information for Java; dotnet - collect information for .NET; python - collect information for CPython. You can specify several values separated by comma.
34 [140384019510464] INFO perfrun.launcher <> - the option was added --mrte-type-list: List supported Java/.NET/other managed runtime types.
34 [140384019510464] INFO perfrun.launcher <> - the option was added --trace-strategy: Specify how to profile a process tree. <string> can be "<process>:trace:notrace" - profile the process but do not profile its children. Shorthand parameters: t - trace, nt - notrace. For example, "vtunedemo.exe:t:t".
34 [140384019510464] INFO perfrun.launcher <> - the option was added --collector: BADMSG: perfrun1.launcher.plugin_manager::collector
34 [140384019510464] INFO perfrun.launcher <> - the option was added --system-wide: Enable system-wide profiling. This mode may require additional permissions.
35 [140384019510464] INFO perfrun.launcher <> - the option was added --kvm-guest: Enable KVM guest OS profiling.
35 [140384019510464] INFO perfrun.launcher <> - the option was added --kvm-guest-kallsyms: Specify a local path to the /proc/kallsyms file copied from the guest OS for proper symbol resolution.
35 [140384019510464] INFO perfrun.launcher <> - the option was added --kvm-guest-modules: Specify a local path to the /proc/modules file copied from the guest OS for proper symbol resolution.
35 [140384019510464] INFO perfrun.launcher <> - the option was added --dump-vdso: Dump [vdso] to result directory
35 [140384019510464] INFO perfrun.launcher <> - the option was added --bandwidth-limits: Measure bandwidth limits
36 [140384019510464] INFO perfrun.launcher <> - the option was added --acrn-map-info: Collect map info for ACRN
36 [140384019510464] INFO perfrun.launcher <> - the option was added --bandwidth-strategy: Bandwidth limits determination specific properties (example: --bandwidth-strategy array-size=0,duration=500).
36 [140384019510464] INFO perfrun.launcher <> - the option was added --bandwidth-config: List of benchmarks to run.
36 [140384019510464] INFO perfrun.launcher <> - the option was added --system-collector-config: Specify subcollectors. Possible values: all, vdso, container, device-info, none.
36 [140384019510464] INFO perfrun.launcher <> - the option was added --itt-config: Specify a sub-set of ITT API to collect.
36 [140384019510464] INFO perfrun.launcher <> - the option was added --itt-debug: Set pseudo-breakpoint at ITT API collector's start to enable the debugger to attach early.
37 [140384019510464] INFO perfrun.launcher <> - the option was added --ptrace: Ptrace collector.
37 [140384019510464] INFO perfrun.launcher <> - the option was added --target-pid: BADMSG: perfrun1.ptracecollector::target-pid
37 [140384019510464] INFO perfrun.launcher <> - the option was added --ptrace-server-pid: BADMSG: perfrun1.ptracecollector::ptrace-server-pid
37 [140384019510464] INFO perfrun.launcher <> - the option was added --ptrace-trace: BADMSG: perfrun1.ptracecollector::ptrace-trace
38 [140384019510464] INFO perfrun.launcher <> - the option was added --ptrace-time-source: BADMSG: perfrun1.ptracecollector::ptrace-time-source
38 [140384019510464] INFO perfrun.launcher <> - the option was added --ptrace-start-type: BADMSG: perfrun1.ptracecollector::ptrace-start-type
38 [140384019510464] INFO perfrun.launcher <> - the option was added --gpu-config: Specify types of GPU data to be collected. Possible values: preset1, preset2.
38 [140384019510464] INFO perfrun.launcher <> - the option was added --gpu-debug: Enable self-testing of the GPGPU profiling collector.
39 [140384019510464] INFO perfrun.launcher <> - the option was added --custom-collector: Allows to provide arbitrary command line to be run on collection steps.
39 [140384019510464] INFO perfrun.launcher <> - the option was added --stdsrc-config: Specify Standard Sources category tag(s).
39 [140384019510464] INFO perfrun.launcher <> - the option was added --ftrace-config-list: List Linux Ftrace category tag(s).
39 [140384019510464] INFO perfrun.launcher <> - the option was added --ftrace-config: Specify Linux Ftrace category tag(s).
39 [140384019510464] INFO perfrun.launcher <> - the option was added --ftrace-function-groups: Enable tracing of specific groups of functions.
39 [140384019510464] INFO perfrun.launcher <> - the option was added --event-info: BADMSG: perfrun1.stdsrc::event-info
40 [140384019510464] INFO perfrun.launcher <> - the option was added --cpu-list: List supported CPUs.
40 [140384019510464] INFO perfrun.launcher <> - the option was added --target-list: List available targets for performing sampling collection.
40 [140384019510464] INFO perfrun.launcher <> - the option was added --event-value-list: Display event information.
40 [140384019510464] INFO perfrun.launcher <> - the option was added --platform-value-list: Display details of supported platforms.
40 [140384019510464] INFO perfrun.launcher <> - the option was added --uncore-event-list: List uncore events for which a sampling data collection can be performed on this platform.
41 [140384019510464] INFO perfrun.launcher <> - the option was added --modifier-list: Specify the event name <string> for which the modifiers list is requested.
41 [140384019510464] INFO perfrun.launcher <> - the option was added --pmu-list: List supported PMUs.
41 [140384019510464] INFO perfrun.launcher <> - the option was added --os-mode-only: Enable sampling data collection for OS-mode processes only.
41 [140384019510464] INFO perfrun.launcher <> - the option was added --user-mode-only: Enable sampling data collection for user-mode processes only.
41 [140384019510464] INFO perfrun.launcher <> - the option was added --event-config: Perform data collection for the events with <string> configured using the format <event name1>":modifier1=val:modifier2=val/constraint1={:modifier3=val:modifier4=val}...,"<event name2>":... Specify the events(s) to monitor and embed the event names within double quotes("). [:modifier=val] specifies individual event modifiers along with the respective values for a given platform. Note that the modifiers can be generic to an event as well as specific to a constraint (or an event qualifier). The constraint specific special modifiers appear after [/constraint=]. The modifiers can be in decimal or hexadecimal format. Only specific modifiers accept the value as a string. Each event specification is delimited by a comma (,). For a list of supported modifiers and constraints, refer to the documentation.
41 [140384019510464] INFO perfrun.launcher <> - the option was added --chipset-event-config: Perform data collection for the chipset events with <string> configured using the format "<event name1>"...,"<event name2>":... Specify the events(s) to monitor and embed the event names within double quotes(").
42 [140384019510464] INFO perfrun.launcher <> - the option was added --uncore-event-config: Perform uncore data collection in ebc count mode for the events with <string> configured using the format "<event name1>"...,"<event name2>":... Specify the events(s) to monitor and embed the event names within double quotes(").
42 [140384019510464] INFO perfrun.launcher <> - the option was added --count-emon: Enable counting mode and output the data in EMON format.
42 [140384019510464] INFO perfrun.launcher <> - the option was added --event-based-counts: Enable event-based counting mode. During sampling data collection, event counts data is collected for the list of events specified in -event-config option.
42 [140384019510464] INFO perfrun.launcher <> - the option was added --event-mux-tfactor: Specify the event multiplexing tfactor as <integer> to set the length of the interval between interrupts. The larger the tfactor value, the larger the period between interrupts. Currently this option is only available on Intel platforms codenamed Knights Corner.
43 [140384019510464] INFO perfrun.launcher <> - the option was added --full-pebs-capture: Capture full pebs information.
43 [140384019510464] INFO perfrun.launcher <> - the option was added --last-branch-records: Capture Last Branch Records information.
43 [140384019510464] INFO perfrun.launcher <> - the option was added --pmu-type: Specify the targeted PMU name as <string>.
43 [140384019510464] INFO perfrun.launcher <> - the option was added --platform-type: Specify the targeted platform number as <number>.
43 [140384019510464] INFO perfrun.launcher <> - the option was added --p-state-trigger: Specify the name of the trigger event for P-state data as <string>. The default trigger is CPU_CLK_UNHALTED.REF_TSC.
43 [140384019510464] INFO perfrun.launcher <> - the option was added --bts-count: Specify the <integer> number of BTS records collected after each sample or context switch (VTSS++ only).
44 [140384019510464] INFO perfrun.launcher <> - the option was added --cpu-mask: Specify which CPU(s) <string> to collect data on. For example, specify "2-8,10,12-14" to sample only CPUs 2 through 8, 10, and 12 through 14.
44 [140384019510464] INFO perfrun.launcher <> - the option was added --event-mux-alg: Specify the event multiplexing algorithm. Possible values: sequence, timer, trigger.
44 [140384019510464] INFO perfrun.launcher <> - the option was added --event-mux-timeslice: Specify the event multiplexing time slice value as <integer>. The time slice specifies the duration between cycles for each event multiplexing group. The default value is 50 milliseconds. This option is valid only for timer-based event multiplexing. Specify the event multiplexing time slice value as <integer>. The time slice specifies the duration between cycles for each event multiplexing group. The default value is 1 millisecond. This option is valid only for timer-based event multiplexing.
44 [140384019510464] INFO perfrun.launcher <> - the option was added --event-mux-factor: Specify the event multiplexing factor as <integer>. It controls the switching of event multiplexing groups. The default factor is 50. This option is valid only for trigger-based event multiplexing. Specify the event multiplexing factor as <integer>. It controls the switching of event multiplexing groups. The default factor is 1. This option is valid only for trigger-based event multiplexing.
44 [140384019510464] INFO perfrun.launcher <> - the option was added --event-mux-trigger: Specify the name of the trigger event for event multiplexing as <string>. This option is valid only for trigger-based event multiplexing. The default trigger is CPU_CLK_UNHALTED.CORE (or CPU_CLK_UNHALTED.THREAD). BADMSG: perfrun1.vtsspp::event-mux-trigger
45 [140384019510464] INFO perfrun.launcher <> - the option was added --pt-mode: BADMSG: perfrun1.vtsspp::pt-mode
45 [140384019510464] INFO perfrun.launcher <> - the option was added --sample-after-multiplier: Specify the sample after multiplier as <double>. This multiplier modifies the sample after value for all the events specified in -event-config option. The values can range from 0.1 to 100.0. SAV multiplier value
45 [140384019510464] INFO perfrun.launcher <> - the option was added --uncore-sampling-interval: Specify the uncore sampling interval as <integer>. This value set the uncore sampling interval for all the uncore events specified in -event-config option.
45 [140384019510464] INFO perfrun.launcher <> - the option was added --count: Enable counting mode. Enable counting mode
45 [140384019510464] INFO perfrun.launcher <> - the option was added --trace-mpi: Configure collector to trace MPI code.
45 [140384019510464] INFO perfrun.launcher <> - the option was added --aggregated-counting: Enable aggregated counting mode. Enable aggregated-counting mode
45 [140384019510464] INFO perfrun.launcher <> - the option was added --raw-perf-config: Specify a verified configuration for the Perf collector in the format: <describer>,<content>. For example: map-events-file,<path_to_map_events_file>.
46 [140384019510464] INFO perfrun.launcher <> - the option was added --sys-config: BADMSG: perfrun1.vtsspp::sys-config Specify types of system data to be collected. Supported value: cswitch - collect context switch information.
46 [140384019510464] INFO perfrun.launcher <> - the option was added --perf-event-config: Specify events for Perf collector in Perf format. For example: perf-event-config=cpu-clock.
46 [140384019510464] INFO perfrun.launcher <> - the option was added --perf-aio: Number of control blocks in asynchronous trace writing mode.
46 [140384019510464] INFO perfrun.launcher <> - the option was added --perf-compression: Specify compression of Perf collector output data. Possible levels: 0 - without compression, 1..3 - best speed, 4..22 - best compression that incurs big overhead.
46 [140384019510464] INFO perfrun.launcher <> - the option was added --perf-min-mmap-read: Minimum data size read from the kernel mapped region.
46 [140384019510464] INFO perfrun.launcher <> - the option was added --perf-affinity: Adjust an affinity mask of the Perf thread to a node with an allocated memory trace buffer.
47 [140384019510464] INFO perfrun.launcher <> - the option was added --stackwalk: Specify stack unwinding method. Possible values: online - unwind stacks during collection; offline - unwind stacks after collection is finished. Specify stack unwinding method. Possible value: lbr - unwind stacks during collection. Specify stack unwinding method. Possible values: online - unwind stacks during collection; offline - unwind stacks after collection is finished; lbr - enable LBR-based call stack collection. Specify stack unwinding method. Possible values: online - unwind stacks during collection; offline - unwind stacks after collection is finished. Specify stack unwinding method. Possible values: online - unwind stacks during collection; offline - unwind stacks after collection is finished.
47 [140384019510464] INFO perfrun.launcher <> - the option was added --filter-include: Filter data during collection. Possible values: contended=<on|off> - filter out uncontended events; contended_nostack=<time> - filter out stacks for contended events that take less than <time> microseconds; wait=<time> - ignore transitions and blocks with wait time less than <time> microseconds; wait_nostack=<time> - filter out stacks for waits that take less than <time> microseconds.
47 [140384019510464] INFO perfrun.launcher <> - the option was added --debug-pin: Debug PIN tool and runtime.
47 [140384019510464] INFO perfrun.launcher <> - the option was added --debug-exception: Disallow the application to set own abnormal termination handler.
47 [140384019510464] INFO perfrun.launcher <> - the option was added --trace-type: Specify the trace file granularity. Possible values: per-thread - per-thread trace file generation; per-process - per-process trace file generation.
47 [140384019510464] INFO perfrun.launcher <> - the option was added --instrumentation-type: Specify type of instrumentation.
48 [140384019510464] INFO perfrun.launcher <> - the option was added --altstack: Enable or disable usage of altstacks for profiling signal handlers.
48 [140384019510464] INFO perfrun.launcher <> - the option was added --profiling-signal: BADMSG: perfrun1.ptracecollector::profiling-signal Alternate profiling signal.
48 [140384019510464] INFO perfrun.launcher <> - the option was added --memory-strategy: Specify a minimal memory object size to be traced and a hash table size for faster objects search; for example: --memory-strategy obj-size-min=1024,hash-table-size=4096.
48 [140384019510464] INFO perfrun.launcher <> - the option was added --gpu-profiling-config: Specify a type of deep GPU profiling applied for all kernels and a comma-separated list of GPU kernel names and invocations in the following format: profiling_type[@kernel_name[:start_idx:step:stop_idx]], where profiling_type is one of following: none, bblatency, memlatency; kernel_name is the name of GPU kernel; start_idx is the number of the first invocation; and stop_idx is the number of the last invocation to be profiled.
48 [140384019510464] INFO perfrun.launcher <> - the option was added --opencl-trace-mode: Specify OpenCL kernel tracing modes: 'default' to trace OpenCL kernels for Intel Graphics Driver only; 'epoch' for any non-Intel graphics, where OpenCL kernels will be traced and OpenCL profiling API timestamps will be interpreted as Unux Epoch time in nanoseconds; 'completion' to trace OpenCL kernels for any Graphics Driver and bind OpenCL profiling API timestamps to the timestamp of OpenCL completion callback.
48 [140384019510464] INFO perfrun.launcher <> - the option was added --exprof-com-list: List available COM ports.
49 [140384019510464] INFO perfrun.launcher <> - the option was added --exprof-dvc-list: List available DvC IDs.
49 [140384019510464] INFO perfrun.launcher <> - the option was added --exprof-trace-channel: BADMSG: perfrun1.exprof::exprof-trace-channel
49 [140384019510464] INFO perfrun.launcher <> - the option was added --exprof-event-config: Specify ExactProfiling Event Classes.
49 [140384019510464] INFO perfrun.launcher <> - the option was added --ice-pmons-list: BADMSG: perfrun1.ice::ice-pmons-list
49 [140384019510464] INFO perfrun.launcher <> - the option was added --ice-pmons-config: BADMSG: perfrun1.ice::ice-pmons-config
49 [140384019510464] INFO perfrun.launcher <> - the option was added --parallel-fs-config: Specify parallel fs counters to collect.
50 [140384019510464] INFO perfrun.launcher <> - the option was added --pwr-config: BADMSG: perfrun1.vtsspp::pwr-config Specify power metrics configuration.
52 [140384019510464] INFO perfrun.launcher <> - create msngr2::ICliToolContext
53 [140384019510464] INFO perfrun.launcher <> - create file finder object
53 [140384019510464] INFO perfrun.launcher <> - create a result directory: pattern = /mnt/hgfs/Thesis/RRT/analysis/results/A08 pid = 4294967295
64 [140384019510464] INFO perfrun.sdk <> - checked that the directory /mnt/hgfs/Thesis/RRT/analysis/results/A08 is a local directory
64 [140384019510464] INFO perfrun.sdk <> - the directory /mnt/hgfs/Thesis/RRT/analysis/results/A08 is located on a share or its FS ID is unknown 1702057286
64 [140384019510464] INFO perfrun.sdk <> - checked that the directory /tmp/amplxe-tmp-anthony is a local directory
64 [140384019510464] INFO perfrun.sdk <> - the directory /tmp/amplxe-tmp-anthony is a local directory with FS type ID 61267
65 [140384019510464] INFO perfrun.launcher <> - Create a local result directory /tmp/amplxe-tmp-anthony/amplxe-res-24674-1168440184118713 due to the user result path /mnt/hgfs/Thesis/RRT/analysis/results/A08 is located on a share
66 [140384019510464] INFO perfrun.launcher <> - create data directory = /tmp/amplxe-tmp-anthony/amplxe-res-24674-1168440184118713/data.0
67 [140384019510464] INFO perfrun.launcher <> - create data directory = /mnt/hgfs/Thesis/RRT/analysis/results/A08/data.0
68 [140384019510464] INFO perfrun.launcher <> - Creating the master collection flag
70 [140384019510464] INFO perfrun.launcher <> - Done creating the master collection flag
71 [140383899567872] INFO perfrun.launcher <> - plugin [remoteplug] was disabled because it doesn't support the given collection type.
71 [140383899567872] INFO perfrun.sdk <> - Allocating TMU :/tmp/amplxe-tmp-anthony/amplxe-res-24674-1168440184118713/data.0/systemcollector-24674-ubuntu.sc
72 [140383899567872] INFO perfrun.system <> - Tpss based collection
72 [140383899567872] INFO perfrun.launcher <> - plugin [ptracecollector] was disabled because it doesn't support the given collection type.
72 [140383899567872] INFO perfrun.launcher <> - plugin [gpu] was disabled because it doesn't support the given collection type.
72 [140383899567872] INFO perfrun.launcher <> - plugin [] was disabled because it doesn't support the given collection type.
73 [140383899567872] INFO perfrun.launcher <> - plugin [] was disabled because it doesn't support the given collection type.
73 [140383899567872] INFO perfrun.launcher <> - plugin [] was disabled because it doesn't support the given collection type.
73 [140383899567872] INFO perfrun.launcher <> - plugin [mrte] was disabled because it doesn't support the given collection type.
73 [140383899567872] INFO perfrun.launcher <> - plugin [emon] was disabled because it doesn't support the given collection type.
73 [140383899567872] INFO perfrun.launcher <> - plugin [cuscol] was disabled because it doesn't support the given collection type.
73 [140383899567872] INFO perfrun.launcher <> - plugin [stdsrc] was disabled because it doesn't support the given collection type.
73 [140383899567872] INFO perfrun.launcher <> - plugin [sep] was disabled because it doesn't support the given collection type.
74 [140383899567872] INFO perfrun.launcher <> - plugin [vtsspp] was disabled because it doesn't support the given collection type.
74 [140383899567872] INFO perfrun.launcher <> - plugin [perf] was disabled because it doesn't support the given collection type.
74 [140383899567872] INFO perfrun.tpss <> - initialize tpss controller
74 [140383899567872] INFO perfrun.tpss <> - configure collection mode: value = cpu:counters:nostack
74 [140383899567872] INFO perfrun.tpss <> - configure collection mode: value = cpu:stack
74 [140383899567872] INFO perfrun.tpss <> - default obj-size-min=1024
75 [140383899567872] INFO perfrun.tpss <> - default hash-table-size=0
116 [140383899567872] INFO perfrun.launcher <> - plugin [exprof] was disabled because it doesn't support the given collection type.
116 [140383899567872] INFO perfrun.launcher <> - plugin [ice] was disabled because it doesn't support the given collection type.
116 [140383899567872] INFO perfrun.launcher <> - plugin [] was disabled because it doesn't support the given collection type.
116 [140383899567872] INFO perfrun.launcher <> - plugin [] was disabled because it doesn't support the given collection type.
116 [140383899567872] INFO perfrun.launcher <> - plugin [parallelfs] was disabled because it doesn't support the given collection type.
117 [140383899567872] INFO perfrun.launcher <> - plugin [power] was disabled because it doesn't support the given collection type.
117 [140384019510464] INFO perfrun.launcher <> - set environment variable: LD_LIBRARY_PATH = /home/anthony/intel/vtune_amplifier_2019.8.0.604197/lib32/runtime:/home/anthony/intel/vtune_amplifier_2019.8.0.604197/lib64/runtime
117 [140384019510464] INFO perfrun.launcher <> - set environment variable: INTEL_LIBITTNOTIFY32 = /home/anthony/intel/vtune_amplifier_2019.8.0.604197/lib32/runtime/libittnotify_collector.so
117 [140384019510464] INFO perfrun.launcher <> - set environment variable: INTEL_LIBITTNOTIFY64 = /home/anthony/intel/vtune_amplifier_2019.8.0.604197/lib64/runtime/libittnotify_collector.so
117 [140384019510464] INFO perfrun.launcher <> - set environment variable: INTEL_ITTNOTIFY_GROUPS = 
117 [140384019510464] INFO perfrun.launcher <> - set environment variable: INTEL_JIT_PROFILER32 = /home/anthony/intel/vtune_amplifier_2019.8.0.604197/lib32/runtime/libittnotify_collector.so
118 [140384019510464] INFO perfrun.launcher <> - set environment variable: INTEL_JIT_PROFILER64 = /home/anthony/intel/vtune_amplifier_2019.8.0.604197/lib64/runtime/libittnotify_collector.so
118 [140384019510464] INFO perfrun.launcher <> - set environment variable: VS_PROFILER = libittnotify_collector.so
118 [140384019510464] INFO perfrun.launcher <> - set environment variable: ENABLE_JITPROFILING = 1
118 [140384019510464] INFO perfrun.launcher <> - set environment variable: CL_CONFIG_USE_VTUNE = True
118 [140384019510464] INFO perfrun.launcher <> - set environment variable: __OCL_MIC_INTEL_LIBITTNOTIFY64 = /amplxe/results/libittnotify_collector.so
119 [140384019510464] INFO perfrun.launcher <> - set environment variable: __OCL_MIC_INTEL_JIT_PROFILER64 = /amplxe/results/libittnotify_collector.so
119 [140384019510464] INFO perfrun.launcher <> - set environment variable: KMP_FORKJOIN_FRAMES = 0
119 [140384019510464] INFO perfrun.launcher <> - set environment variable: KMP_FORKJOIN_FRAMES_MODE = 0
119 [140384019510464] INFO perfrun.launcher <> - RpcServer: run RPC server to handle requests
122 [140384019510464] INFO perfrun.launcher <> - Launcher: command line to start before modification = /mnt/hgfs/Thesis/RRT/src/rrt
123 [140384019510464] INFO perfrun.launcher <> - Launcher: command line to start after modification = /home/anthony/intel/vtune_amplifier_2019.8.0.604197/bin64/pin -error_file /tmp/amplxe-tmp-anthony/amplxe-res-24674-1168440184118713/data.0/pinerr.tpsslog -detach_reattach -follow_execv -tool_load_option deepbind -t64 /home/anthony/intel/vtune_amplifier_2019.8.0.604197/lib64/libtpsstool.so -t /home/anthony/intel/vtune_amplifier_2019.8.0.604197/lib32/libtpsstool.so -server_name tpss_ipc.24674 -prd_dir /home/anthony/intel/vtune_amplifier_2019.8.0.604197 -- /mnt/hgfs/Thesis/RRT/src/rrt
123 [140384019510464] INFO perfrun.launcher <> - ProcessCreator object was created
124 [140384019510464] INFO perfrun.launcher <> - Launcher: the process was started in suspend mode
125 [140383899567872] INFO perfrun.system <> - Helper runtool '/home/anthony/intel/vtune_amplifier_2019.8.0.604197/bin32/amplxe-runss -dump-vdso -r /tmp/amplxe-tmp-anthony/amplxe-res-24674-1168440184118713 --tmp-dir /tmp/amplxe-tmp-anthony' returned 1
205 [140383899567872] INFO perfrun.system <> - Helper runtool '/home/anthony/intel/vtune_amplifier_2019.8.0.604197/bin64/amplxe-runss -dump-vdso -r /tmp/amplxe-tmp-anthony/amplxe-res-24674-1168440184118713 --tmp-dir /tmp/amplxe-tmp-anthony' returned 0
206 [140383899567872] INFO perfrun.system <> - OpenCL gpu adapter vendor Id 5549
207 [140383899567872] WARN perfrun.system <> - Could not do anything with /sys/kernel/debug/kvm: boost::filesystem::status: Permission denied: "/sys/kernel/debug/kvm", at file: vcs/perfrun1/plugins/system/src/trace_writer.cpp:749
207 [140383899567872] WARN perfrun.system <> - Folder "/var/run/libvirt/qemu/"doesn't exist, at file: vcs/perfrun1/plugins/system/src/trace_writer.cpp:762
208 [140383899567872] WARN perfrun.sdk <> - Failed to find xl binary on any of the system paths: /bin, /sbin, /usr/bin, /usr/sbin., at file: vcs/perfrun1/sdk/src/utils.cpp:434
208 [140383899567872] WARN perfrun.system <> - Could not start ContainerMapping collector, at file: vcs/perfrun1/plugins/system/src/controller.cpp:467
215 [140383899567872] INFO perfrun.itt <> - start itt controller for pid #24679
216 [140383899567872] INFO perfrun.tpss <> - start tpss controller for pid #24679
267 [140384019510464] INFO perfrun.launcher <> - Launcher: all plugins were started
268 [140384019510464] INFO perfrun.launcher <> - DirectoryMonitor object was created
268 [140384019510464] INFO perfrun.launcher <> - DirectoryMonitor: a callback was added
269 [140384019510464] INFO perfrun.launcher <> - DirectoryMonitor was started with pingTime = 1000
269 [140384019510464] INFO perfrun.launcher <> - DeadlineTimer is going to be constructed
269 [140384019510464] INFO perfrun.launcher <> - DeadlineTimer: a callback was added
274 [140384019510464] INFO perfrun.launcher <> - Launcher: resume the profiled application and  wait its termination or stop command
1210 [140384019510464] INFO perfrun.launcher <> - Launcher: the profiled application was terminated  with exit code = 0
1223 [140383899567872] INFO perfrun.itt <> - stop itt controller
1223 [140383899567872] INFO perfrun.itt <> - detach itt controller
1224 [140383899567872] INFO perfrun.tpss <> - stop tpss controller
1224 [140383899567872] INFO perfrun.sdk <> - De-allocating TMU: /tmp/amplxe-tmp-anthony/amplxe-res-24674-1168440184118713/data.0/systemcollector-24674-ubuntu.sc
1224 [140383899567872] INFO perfrun.system <> - closed the system trace file: /tmp/amplxe-tmp-anthony/amplxe-res-24674-1168440184118713/data.0/systemcollector-24674-ubuntu.sc
1225 [140384019510464] INFO perfrun.launcher <> - Launcher: all plugins were stopped.
1225 [140384019510464] INFO perfrun.launcher <> - DeadlineTimer is going to be destroyed
1225 [140384019510464] INFO perfrun.launcher <> - DeadlineTimer was destroyed
1225 [140384019510464] INFO perfrun.launcher <> - DirectoryMonitor object was destroyed
1225 [140384019510464] WARN perfrun.launcher <> - Stop command is ignored because it is received when collection is already stopped, at file: vcs/perfrun1/launcher/src/command_handler.cpp:212
1263 [140384019510464] INFO perfrun.launcher <> - Application exit code: 0
1264 [140384019510464] INFO perfrun.launcher <> - Exit code: 0
